<?xml version="1.0" encoding="UTF-8"?>
<!-- Generated by org.testng.reporters.JUnitReportReporter -->
<testsuite hostname="SunilSReddy" failures="0" tests="1" name="testCases.TC006_HandleFrames" time="17.184" errors="0" timestamp="2025-08-31T18:55:50 IST" skipped="0">
  <testcase classname="testCases.TC006_HandleFrames" name="verifFrames" time="17.184"/>
</testsuite> <!-- testCases.TC006_HandleFrames -->
