<?xml version="1.0" encoding="UTF-8"?>
<!-- Generated by org.testng.reporters.JUnitReportReporter -->
<testsuite hostname="SunilSReddy" failures="0" tests="4" name="testCases.TC003_DDT" time="36.014" errors="0" timestamp="2025-08-30T21:28:51 IST" skipped="0">
  <testcase classname="testCases.TC003_DDT" name="verify_FirstTest" time="15.292"/>
  <testcase classname="testCases.TC003_DDT" name="verify_FirstTest" time="15.074"/>
  <testcase classname="testCases.TC003_DDT" name="verify_FirstTest" time="2.858"/>
  <testcase classname="testCases.TC003_DDT" name="verify_FirstTest" time="2.790"/>
</testsuite> <!-- testCases.TC003_DDT -->
