<?xml version="1.0" encoding="UTF-8"?>
<!-- Generated by org.testng.reporters.JUnitReportReporter -->
<testsuite hostname="DESKTOP-O0V7CVE" failures="0" tests="2" name="testCases.TC003_DDT" time="35.450" errors="0" timestamp="2025-07-24T18:55:11 IST" skipped="0">
  <testcase classname="testCases.TC003_DDT" name="verify_dataDriveTest" time="17.660"/>
  <testcase classname="testCases.TC003_DDT" name="verify_dataDriveTest" time="17.790"/>
</testsuite> <!-- testCases.TC003_DDT -->
