<?xml version="1.0" encoding="UTF-8"?>
<!-- Generated by org.testng.reporters.JUnitReportReporter -->
<testsuite hostname="SunilSReddy" failures="0" tests="4" name="testCases.TC003_DDT" time="39.347" errors="0" timestamp="2025-09-01T21:02:24 IST" skipped="0">
  <testcase classname="testCases.TC003_DDT" name="verify_FirstTest" time="3.660"/>
  <testcase classname="testCases.TC003_DDT" name="verify_FirstTest" time="16.695"/>
  <testcase classname="testCases.TC003_DDT" name="verify_FirstTest" time="3.167"/>
  <testcase classname="testCases.TC003_DDT" name="verify_FirstTest" time="15.825"/>
</testsuite> <!-- testCases.TC003_DDT -->
