<?xml version="1.0" encoding="UTF-8"?>
<!-- Generated by org.testng.reporters.JUnitReportReporter -->
<testsuite hostname="SunilSReddy" failures="0" tests="4" name="testCases.TC003_DDT" time="48.285" errors="0" timestamp="2025-09-02T01:11:31 IST" skipped="0">
  <testcase classname="testCases.TC003_DDT" name="verify_FirstTest" time="3.980"/>
  <testcase classname="testCases.TC003_DDT" name="verify_FirstTest" time="22.345"/>
  <testcase classname="testCases.TC003_DDT" name="verify_FirstTest" time="18.592"/>
  <testcase classname="testCases.TC003_DDT" name="verify_FirstTest" time="3.368"/>
</testsuite> <!-- testCases.TC003_DDT -->
