<?xml version="1.0" encoding="UTF-8"?>
<!-- Generated by org.testng.reporters.JUnitReportReporter -->
<testsuite hostname="SunilSReddy" failures="0" tests="1" name="testCases.TC0010_FileUploadAutoIT" time="27.242" errors="0" timestamp="2025-09-01T17:08:50 IST" skipped="0">
  <testcase classname="testCases.TC0010_FileUploadAutoIT" name="verifFileUploadAutoIT" time="27.242"/>
</testsuite> <!-- testCases.TC0010_FileUploadAutoIT -->
