<?xml version="1.0" encoding="UTF-8"?>
<!-- Generated by org.testng.reporters.JUnitReportReporter -->
<testsuite hostname="SunilSReddy" failures="0" tests="1" name="testCases.FileUploadAutoIT" time="26.756" errors="0" timestamp="2025-09-01T16:51:53 IST" skipped="0">
  <testcase classname="testCases.FileUploadAutoIT" name="verifFileUpload" time="26.756"/>
</testsuite> <!-- testCases.FileUploadAutoIT -->
