<?xml version="1.0" encoding="UTF-8"?>
<!-- Generated by org.testng.reporters.JUnitReportReporter -->
<testsuite hostname="SunilSReddy" failures="0" tests="4" name="testCases.TC003_DDT" time="37.678" errors="0" timestamp="2025-09-02T23:50:54 IST" skipped="0">
  <testcase classname="testCases.TC003_DDT" name="verify_FirstTest" time="3.046"/>
  <testcase classname="testCases.TC003_DDT" name="verify_FirstTest" time="16.290"/>
  <testcase classname="testCases.TC003_DDT" name="verify_FirstTest" time="15.528"/>
  <testcase classname="testCases.TC003_DDT" name="verify_FirstTest" time="2.814"/>
</testsuite> <!-- testCases.TC003_DDT -->
