<?xml version="1.0" encoding="UTF-8"?>
<!-- Generated by org.testng.reporters.JUnitReportReporter -->
<testsuite hostname="SunilSReddy" failures="0" tests="4" name="testCases.TC003_DDT" time="38.131" errors="0" timestamp="2025-09-01T13:10:05 IST" skipped="0">
  <testcase classname="testCases.TC003_DDT" name="verify_FirstTest" time="3.059"/>
  <testcase classname="testCases.TC003_DDT" name="verify_FirstTest" time="16.444"/>
  <testcase classname="testCases.TC003_DDT" name="verify_FirstTest" time="2.952"/>
  <testcase classname="testCases.TC003_DDT" name="verify_FirstTest" time="15.676"/>
</testsuite> <!-- testCases.TC003_DDT -->
