<?xml version="1.0" encoding="UTF-8"?>
<!-- Generated by org.testng.reporters.JUnitReportReporter -->
<testsuite hostname="SunilSReddy" failures="0" tests="1" name="testCases.TC004_HandleAlerts" time="5.552" errors="0" timestamp="2025-08-28T00:49:31 IST" skipped="0">
  <testcase classname="testCases.TC004_HandleAlerts" name="verifyAlerts" time="5.552"/>
</testsuite> <!-- testCases.TC004_HandleAlerts -->
