<?xml version="1.0" encoding="UTF-8"?>
<!-- Generated by org.testng.reporters.JUnitReportReporter -->
<testsuite hostname="SunilSReddy" failures="0" tests="4" name="testCases.TC003_DDT" time="38.111" errors="0" timestamp="2025-09-01T17:10:15 IST" skipped="0">
  <testcase classname="testCases.TC003_DDT" name="verify_FirstTest" time="3.095"/>
  <testcase classname="testCases.TC003_DDT" name="verify_FirstTest" time="16.282"/>
  <testcase classname="testCases.TC003_DDT" name="verify_FirstTest" time="3.101"/>
  <testcase classname="testCases.TC003_DDT" name="verify_FirstTest" time="15.633"/>
</testsuite> <!-- testCases.TC003_DDT -->
