<?xml version="1.0" encoding="UTF-8"?>
<!-- Generated by org.testng.reporters.JUnitReportReporter -->
<testsuite hostname="SunilSReddy" failures="0" tests="4" name="testCases.TC003_DDT" time="32.926" errors="0" timestamp="2025-08-28T21:51:58 IST" skipped="0">
  <testcase classname="testCases.TC003_DDT" name="verify_dataDriveTest" time="13.685"/>
  <testcase classname="testCases.TC003_DDT" name="verify_dataDriveTest" time="2.871"/>
  <testcase classname="testCases.TC003_DDT" name="verify_dataDriveTest" time="2.824"/>
  <testcase classname="testCases.TC003_DDT" name="verify_dataDriveTest" time="13.546"/>
</testsuite> <!-- testCases.TC003_DDT -->
