<?xml version="1.0" encoding="UTF-8"?>
<!-- Generated by org.testng.reporters.JUnitReportReporter -->
<testsuite hostname="SunilSReddy" failures="0" tests="1" name="testCases.TC008_FileUpload" time="7.523" errors="0" timestamp="2025-08-31T20:24:13 IST" skipped="0">
  <testcase classname="testCases.TC008_FileUpload" name="verifFileUpload" time="7.523"/>
</testsuite> <!-- testCases.TC008_FileUpload -->
