<?xml version="1.0" encoding="UTF-8"?>
<!-- Generated by org.testng.reporters.JUnitReportReporter -->
<testsuite hostname="DESKTOP-O0V7CVE" failures="0" tests="1" name="testCases.TC002_HandleRadioButtonCheckBox" time="14.865" errors="0" timestamp="2025-07-24T18:50:40 IST" skipped="0">
  <testcase classname="testCases.TC002_HandleRadioButtonCheckBox" name="handleRadioButtonCheckBox" time="14.865"/>
</testsuite> <!-- testCases.TC002_HandleRadioButtonCheckBox -->
