<?xml version="1.0" encoding="UTF-8"?>
<!-- Generated by org.testng.reporters.JUnitReportReporter -->
<testsuite hostname="SunilSReddy" failures="0" tests="1" name="testCases.TC003_DDT" time="18.980" errors="0" timestamp="2025-08-28T01:13:31 IST" skipped="0">
  <testcase classname="testCases.TC003_DDT" name="verify_dataDriveTest" time="18.980"/>
</testsuite> <!-- testCases.TC003_DDT -->
