<?xml version="1.0" encoding="UTF-8"?>
<!-- Generated by org.testng.reporters.JUnitReportReporter -->
<testsuite hostname="SunilSReddy" failures="0" tests="4" name="testCases.TC003_DDT" time="23.935" errors="0" timestamp="2025-09-01T01:01:44 IST" skipped="0">
  <testcase classname="testCases.TC003_DDT" name="verify_FirstTest" time="8.903"/>
  <testcase classname="testCases.TC003_DDT" name="verify_FirstTest" time="3.125"/>
  <testcase classname="testCases.TC003_DDT" name="verify_FirstTest" time="3.070"/>
  <testcase classname="testCases.TC003_DDT" name="verify_FirstTest" time="8.837"/>
</testsuite> <!-- testCases.TC003_DDT -->
