<?xml version="1.0" encoding="UTF-8"?>
<!-- Generated by org.testng.reporters.JUnitReportReporter -->
<testsuite hostname="SunilSReddy" failures="0" tests="1" name="testCases.TC008_FileUpload" time="6.965" errors="0" timestamp="2025-09-01T16:57:17 IST" skipped="0">
  <testcase classname="testCases.TC008_FileUpload" name="verifFileUpload" time="6.965"/>
</testsuite> <!-- testCases.TC008_FileUpload -->
