<?xml version="1.0" encoding="UTF-8"?>
<!-- Generated by org.testng.reporters.JUnitReportReporter -->
<testsuite hostname="SunilSReddy" failures="0" tests="4" name="testCases.TC003_DDT" time="25.384" errors="0" timestamp="2025-08-31T20:25:39 IST" skipped="0">
  <testcase classname="testCases.TC003_DDT" name="verify_FirstTest" time="9.317"/>
  <testcase classname="testCases.TC003_DDT" name="verify_FirstTest" time="3.588"/>
  <testcase classname="testCases.TC003_DDT" name="verify_FirstTest" time="3.326"/>
  <testcase classname="testCases.TC003_DDT" name="verify_FirstTest" time="9.153"/>
</testsuite> <!-- testCases.TC003_DDT -->
