<?xml version="1.0" encoding="UTF-8"?>
<!-- Generated by org.testng.reporters.JUnitReportReporter -->
<testsuite hostname="SunilSReddy" failures="0" tests="1" name="testCases.TC001_HomePageTest" time="8.732" errors="0" timestamp="2025-08-27T18:04:32 IST" skipped="0">
  <testcase classname="testCases.TC001_HomePageTest" name="verifyHomePage" time="8.732"/>
</testsuite> <!-- testCases.TC001_HomePageTest -->
