<?xml version="1.0" encoding="UTF-8"?>
<!-- Generated by org.testng.reporters.JUnitReportReporter -->
<testsuite hostname="SunilSReddy" failures="0" tests="1" name="testCases.TC006_HandleFrames" time="16.747" errors="0" timestamp="2025-09-02T00:56:54 IST" skipped="0">
  <testcase classname="testCases.TC006_HandleFrames" name="verifFrames" time="16.747"/>
</testsuite> <!-- testCases.TC006_HandleFrames -->
