<?xml version="1.0" encoding="UTF-8"?>
<!-- Generated by org.testng.reporters.JUnitReportReporter -->
<testsuite hostname="SunilSReddy" failures="0" tests="1" name="testCases.TC005_HandleStaticTables" time="10.545" errors="0" timestamp="2025-08-28T17:15:26 IST" skipped="0">
  <testcase classname="testCases.TC005_HandleStaticTables" name="verifStaticTables" time="10.545"/>
</testsuite> <!-- testCases.TC005_HandleStaticTables -->
