<?xml version="1.0" encoding="UTF-8"?>
<!-- Generated by org.testng.reporters.JUnitReportReporter -->
<testsuite hostname="SunilSReddy" failures="0" tests="1" name="testCases.TC005_HandleTables" time="22.339" errors="0" timestamp="2025-08-28T18:06:46 IST" skipped="0">
  <testcase classname="testCases.TC005_HandleTables" name="verifTables" time="22.339"/>
</testsuite> <!-- testCases.TC005_HandleTables -->
