<?xml version="1.0" encoding="UTF-8"?>
<!-- Generated by org.testng.reporters.JUnitReportReporter -->
<testsuite hostname="SunilSReddy" failures="0" tests="1" name="testCases.TC006_HandleFrames" time="14.354" errors="0" timestamp="2025-08-31T18:58:45 IST" skipped="0">
  <testcase classname="testCases.TC006_HandleFrames" name="verifFrames" time="14.354"/>
</testsuite> <!-- testCases.TC006_HandleFrames -->
