<?xml version="1.0" encoding="UTF-8"?>
<!-- Generated by org.testng.reporters.JUnitReportReporter -->
<testsuite hostname="SunilSReddy" failures="0" tests="4" name="testCases.TC003_DDT" time="37.883" errors="0" timestamp="2025-09-02T23:53:02 IST" skipped="0">
  <testcase classname="testCases.TC003_DDT" name="verify_FirstTest" time="3.130"/>
  <testcase classname="testCases.TC003_DDT" name="verify_FirstTest" time="16.192"/>
  <testcase classname="testCases.TC003_DDT" name="verify_FirstTest" time="3.009"/>
  <testcase classname="testCases.TC003_DDT" name="verify_FirstTest" time="15.552"/>
</testsuite> <!-- testCases.TC003_DDT -->
