<?xml version="1.0" encoding="UTF-8"?>
<!-- Generated by org.testng.reporters.JUnitReportReporter -->
<testsuite hostname="DESKTOP-O0V7CVE" failures="0" tests="2" name="testCases.TC003_DDT" time="29.834" errors="0" timestamp="2025-08-02T18:19:51 IST" skipped="0">
  <testcase classname="testCases.TC003_DDT" name="verify_dataDriveTest" time="15.222"/>
  <testcase classname="testCases.TC003_DDT" name="verify_dataDriveTest" time="14.612"/>
</testsuite> <!-- testCases.TC003_DDT -->
