<?xml version="1.0" encoding="UTF-8"?>
<!-- Generated by org.testng.reporters.JUnitReportReporter -->
<testsuite hostname="SunilSReddy" failures="0" tests="4" name="testCases.TC003_DDT" time="37.529" errors="0" timestamp="2025-09-01T13:12:05 IST" skipped="0">
  <testcase classname="testCases.TC003_DDT" name="verify_FirstTest" time="2.870"/>
  <testcase classname="testCases.TC003_DDT" name="verify_FirstTest" time="15.495"/>
  <testcase classname="testCases.TC003_DDT" name="verify_FirstTest" time="3.268"/>
  <testcase classname="testCases.TC003_DDT" name="verify_FirstTest" time="15.896"/>
</testsuite> <!-- testCases.TC003_DDT -->
