<?xml version="1.0" encoding="UTF-8"?>
<!-- Generated by org.testng.reporters.JUnitReportReporter -->
<testsuite hostname="SunilSReddy" failures="0" tests="4" name="testCases.TC003_DDT" time="24.664" errors="0" timestamp="2025-08-31T20:26:47 IST" skipped="0">
  <testcase classname="testCases.TC003_DDT" name="verify_FirstTest" time="9.312"/>
  <testcase classname="testCases.TC003_DDT" name="verify_FirstTest" time="3.099"/>
  <testcase classname="testCases.TC003_DDT" name="verify_FirstTest" time="3.141"/>
  <testcase classname="testCases.TC003_DDT" name="verify_FirstTest" time="9.112"/>
</testsuite> <!-- testCases.TC003_DDT -->
