<?xml version="1.0" encoding="UTF-8"?>
<!-- Generated by org.testng.reporters.JUnitReportReporter -->
<testsuite hostname="SunilSReddy" failures="0" tests="4" name="testCases.TC003_DDT" time="24.222" errors="0" timestamp="2025-09-01T00:24:43 IST" skipped="0">
  <testcase classname="testCases.TC003_DDT" name="verify_FirstTest" time="2.986"/>
  <testcase classname="testCases.TC003_DDT" name="verify_FirstTest" time="2.870"/>
  <testcase classname="testCases.TC003_DDT" name="verify_FirstTest" time="9.585"/>
  <testcase classname="testCases.TC003_DDT" name="verify_FirstTest" time="8.781"/>
</testsuite> <!-- testCases.TC003_DDT -->
