<?xml version="1.0" encoding="UTF-8"?>
<!-- Generated by org.testng.reporters.JUnitReportReporter -->
<testsuite hostname="SunilSReddy" failures="0" tests="1" name="testCases.TC007_WriteExcel" time="0.341" errors="0" timestamp="2025-08-31T18:58:45 IST" skipped="0">
  <testcase classname="testCases.TC007_WriteExcel" name="verifWriteExcel" time="0.341"/>
</testsuite> <!-- testCases.TC007_WriteExcel -->
