<?xml version="1.0" encoding="UTF-8"?>
<!-- Generated by org.testng.reporters.JUnitReportReporter -->
<testsuite hostname="DESKTOP-O0V7CVE" failures="0" tests="2" name="testCases.TC003_DDT" time="27.348" errors="0" timestamp="2025-08-24T15:15:31 IST" skipped="0">
  <testcase classname="testCases.TC003_DDT" name="verify_dataDriveTest" time="13.971"/>
  <testcase classname="testCases.TC003_DDT" name="verify_dataDriveTest" time="13.377"/>
</testsuite> <!-- testCases.TC003_DDT -->
