<?xml version="1.0" encoding="UTF-8"?>
<!-- Generated by org.testng.reporters.JUnitReportReporter -->
<testsuite hostname="SunilSReddy" failures="0" tests="4" name="testCases.TC003_DDT" time="35.951" errors="0" timestamp="2025-08-30T21:30:16 IST" skipped="0">
  <testcase classname="testCases.TC003_DDT" name="verify_FirstTest" time="15.040"/>
  <testcase classname="testCases.TC003_DDT" name="verify_FirstTest" time="2.785"/>
  <testcase classname="testCases.TC003_DDT" name="verify_FirstTest" time="2.911"/>
  <testcase classname="testCases.TC003_DDT" name="verify_FirstTest" time="15.215"/>
</testsuite> <!-- testCases.TC003_DDT -->
